[debug] [2022-05-24T17:28:28.356Z] ----------------------------------------------------------------------
[debug] [2022-05-24T17:28:28.358Z] Command:       C:\Program Files\nodejs\node.exe C:\Users\shaki\AppData\Roaming\npm\node_modules\firebase-tools\lib\bin\firebase.js init
[debug] [2022-05-24T17:28:28.359Z] CLI Version:   10.8.0
[debug] [2022-05-24T17:28:28.359Z] Platform:      win32
[debug] [2022-05-24T17:28:28.359Z] Node Version:  v17.7.1
[debug] [2022-05-24T17:28:28.360Z] Time:          Tue May 24 2022 23:28:28 GMT+0600 (Bangladesh Standard Time)
[debug] [2022-05-24T17:28:28.360Z] ----------------------------------------------------------------------
[debug] 
[debug] [2022-05-24T17:28:28.365Z] >>> [apiv2][query] GET https://firebase-public.firebaseio.com/cli.json [none]
[debug] [2022-05-24T17:28:28.468Z] > command requires scopes: ["email","openid","https://www.googleapis.com/auth/cloudplatformprojects.readonly","https://www.googleapis.com/auth/firebase","https://www.googleapis.com/auth/cloud-platform"]
[debug] [2022-05-24T17:28:28.468Z] > authorizing via signed-in user (m.shakilkhan720@gmail.com)
[info] 
     ######## #### ########  ######## ########     ###     ######  ########
     ##        ##  ##     ## ##       ##     ##  ##   ##  ##       ##
     ######    ##  ########  ######   ########  #########  ######  ######
     ##        ##  ##    ##  ##       ##     ## ##     ##       ## ##
     ##       #### ##     ## ######## ########  ##     ##  ######  ########

You're about to initialize a Firebase project in this directory:

  C:\Web Development\Milestone\milestone12\assignment-12\wheels-bd-client-side

Before we get started, keep in mind:

  * You are currently outside your home directory

[debug] [2022-05-24T17:28:29.558Z] <<< [apiv2][status] GET https://firebase-public.firebaseio.com/cli.json 200
[debug] [2022-05-24T17:28:29.559Z] <<< [apiv2][body] GET https://firebase-public.firebaseio.com/cli.json {"cloudBuildErrorAfter":1594252800000,"cloudBuildWarnAfter":1590019200000,"defaultNode10After":1594252800000,"minVersion":"3.0.5","node8DeploysDisabledAfter":1613390400000,"node8RuntimeDisabledAfter":1615809600000,"node8WarnAfter":1600128000000}
